  Application.cpp
C:\Users\Mulder\source\repos\EADE\EADE\Application.h(20,27): warning C4251: "EADE::Application::m_Window": class "std::unique_ptr<EADE::Window,std::default_delete<EADE::Window>>" erfordert eine DLL-Schnittstelle, die von Clients von class "EADE::Application" verwendet wird
C:\Users\Mulder\source\repos\EADE\EADE\Application.h(20): message : Siehe Deklaration von "std::unique_ptr<EADE::Window,std::default_delete<EADE::Window>>"
     Bibliothek "C:\Users\Mulder\source\repos\EADE\EADE\x64\Debug\EADE.lib" und Objekt "C:\Users\Mulder\source\repos\EADE\EADE\x64\Debug\EADE.exp" werden erstellt.
Application.obj : error LNK2019: Verweis auf nicht aufgelöstes externes Symbol "__imp_glClear" in Funktion ""public: void __cdecl EADE::Application::run(void)" (?run@Application@EADE@@QEAAXXZ)".
Application.obj : error LNK2019: Verweis auf nicht aufgelöstes externes Symbol "__imp_glClearColor" in Funktion ""public: void __cdecl EADE::Application::run(void)" (?run@Application@EADE@@QEAAXXZ)".
WindowsWindow.obj : error LNK2019: Verweis auf nicht aufgelöstes externes Symbol "glfwInit" in Funktion ""private: virtual void __cdecl EADE::WindowsWindow::Init(struct EADE::WindowProps const &)" (?Init@WindowsWindow@EADE@@EEAAXAEBUWindowProps@2@@Z)".
WindowsWindow.obj : error LNK2019: Verweis auf nicht aufgelöstes externes Symbol "glfwSetErrorCallback" in Funktion ""private: virtual void __cdecl EADE::WindowsWindow::Init(struct EADE::WindowProps const &)" (?Init@WindowsWindow@EADE@@EEAAXAEBUWindowProps@2@@Z)".
WindowsWindow.obj : error LNK2019: Verweis auf nicht aufgelöstes externes Symbol "glfwCreateWindow" in Funktion ""private: virtual void __cdecl EADE::WindowsWindow::Init(struct EADE::WindowProps const &)" (?Init@WindowsWindow@EADE@@EEAAXAEBUWindowProps@2@@Z)".
WindowsWindow.obj : error LNK2019: Verweis auf nicht aufgelöstes externes Symbol "glfwDestroyWindow" in Funktion ""private: virtual void __cdecl EADE::WindowsWindow::Shutdown(void)" (?Shutdown@WindowsWindow@EADE@@EEAAXXZ)".
WindowsWindow.obj : error LNK2019: Verweis auf nicht aufgelöstes externes Symbol "glfwSetWindowUserPointer" in Funktion ""private: virtual void __cdecl EADE::WindowsWindow::Init(struct EADE::WindowProps const &)" (?Init@WindowsWindow@EADE@@EEAAXAEBUWindowProps@2@@Z)".
WindowsWindow.obj : error LNK2019: Verweis auf nicht aufgelöstes externes Symbol "glfwGetWindowUserPointer" in Funktion ""public: __cdecl <lambda_153b48884d1c1548848d3756e95732d3>::operator()(struct GLFWwindow *,int,int,int,int)const " (??R<lambda_153b48884d1c1548848d3756e95732d3>@@QEBA@PEAUGLFWwindow@@HHHH@Z)".
WindowsWindow.obj : error LNK2019: Verweis auf nicht aufgelöstes externes Symbol "glfwSetWindowSizeCallback" in Funktion ""private: virtual void __cdecl EADE::WindowsWindow::Init(struct EADE::WindowProps const &)" (?Init@WindowsWindow@EADE@@EEAAXAEBUWindowProps@2@@Z)".
WindowsWindow.obj : error LNK2019: Verweis auf nicht aufgelöstes externes Symbol "glfwSetWindowCloseCallback" in Funktion ""private: virtual void __cdecl EADE::WindowsWindow::Init(struct EADE::WindowProps const &)" (?Init@WindowsWindow@EADE@@EEAAXAEBUWindowProps@2@@Z)".
WindowsWindow.obj : error LNK2019: Verweis auf nicht aufgelöstes externes Symbol "glfwPollEvents" in Funktion ""public: virtual void __cdecl EADE::WindowsWindow::OnUpdate(void)" (?OnUpdate@WindowsWindow@EADE@@UEAAXXZ)".
WindowsWindow.obj : error LNK2019: Verweis auf nicht aufgelöstes externes Symbol "glfwSetKeyCallback" in Funktion ""private: virtual void __cdecl EADE::WindowsWindow::Init(struct EADE::WindowProps const &)" (?Init@WindowsWindow@EADE@@EEAAXAEBUWindowProps@2@@Z)".
WindowsWindow.obj : error LNK2019: Verweis auf nicht aufgelöstes externes Symbol "glfwSetMouseButtonCallback" in Funktion ""private: virtual void __cdecl EADE::WindowsWindow::Init(struct EADE::WindowProps const &)" (?Init@WindowsWindow@EADE@@EEAAXAEBUWindowProps@2@@Z)".
WindowsWindow.obj : error LNK2019: Verweis auf nicht aufgelöstes externes Symbol "glfwSetCursorPosCallback" in Funktion ""private: virtual void __cdecl EADE::WindowsWindow::Init(struct EADE::WindowProps const &)" (?Init@WindowsWindow@EADE@@EEAAXAEBUWindowProps@2@@Z)".
WindowsWindow.obj : error LNK2019: Verweis auf nicht aufgelöstes externes Symbol "glfwSetScrollCallback" in Funktion ""private: virtual void __cdecl EADE::WindowsWindow::Init(struct EADE::WindowProps const &)" (?Init@WindowsWindow@EADE@@EEAAXAEBUWindowProps@2@@Z)".
WindowsWindow.obj : error LNK2019: Verweis auf nicht aufgelöstes externes Symbol "glfwMakeContextCurrent" in Funktion ""private: virtual void __cdecl EADE::WindowsWindow::Init(struct EADE::WindowProps const &)" (?Init@WindowsWindow@EADE@@EEAAXAEBUWindowProps@2@@Z)".
WindowsWindow.obj : error LNK2019: Verweis auf nicht aufgelöstes externes Symbol "glfwSwapBuffers" in Funktion ""public: virtual void __cdecl EADE::WindowsWindow::OnUpdate(void)" (?OnUpdate@WindowsWindow@EADE@@UEAAXXZ)".
WindowsWindow.obj : error LNK2019: Verweis auf nicht aufgelöstes externes Symbol "glfwSwapInterval" in Funktion ""public: virtual void __cdecl EADE::WindowsWindow::SetVSync(bool)" (?SetVSync@WindowsWindow@EADE@@UEAAX_N@Z)".
C:\Users\Mulder\source\repos\EADE\EADE\x64\Debug\EADE.dll : fatal error LNK1120: 18 nicht aufgelöste Externe
