c:\users\mulder\source\repos\eade\eade\x64\debug\vc142.pdb
c:\users\mulder\source\repos\eade\eade\x64\debug\vc142.idb
c:\users\mulder\source\repos\eade\eade\x64\debug\application.obj
c:\users\mulder\source\repos\eade\eade\x64\debug\eade.lib
c:\users\mulder\source\repos\eade\eade\x64\debug\eade.exp
c:\users\mulder\source\repos\eade\eade\x64\debug\eade.pdb
c:\users\mulder\source\repos\eade\eade\x64\debug\landbox.pdb
c:\users\mulder\source\repos\eade\eade\x64\debug\eade.tlog\cl.command.1.tlog
c:\users\mulder\source\repos\eade\eade\x64\debug\eade.tlog\cl.read.1.tlog
c:\users\mulder\source\repos\eade\eade\x64\debug\eade.tlog\cl.write.1.tlog
c:\users\mulder\source\repos\eade\eade\x64\debug\eade.tlog\eade.write.1u.tlog
c:\users\mulder\source\repos\eade\eade\x64\debug\eade.tlog\link-cvtres.read.1.tlog
c:\users\mulder\source\repos\eade\eade\x64\debug\eade.tlog\link-cvtres.write.1.tlog
c:\users\mulder\source\repos\eade\eade\x64\debug\eade.tlog\link-rc.read.1.tlog
c:\users\mulder\source\repos\eade\eade\x64\debug\eade.tlog\link-rc.write.1.tlog
c:\users\mulder\source\repos\eade\eade\x64\debug\eade.tlog\link.12092-cvtres.read.1.tlog
c:\users\mulder\source\repos\eade\eade\x64\debug\eade.tlog\link.12092-cvtres.write.1.tlog
c:\users\mulder\source\repos\eade\eade\x64\debug\eade.tlog\link.12092-rc.read.1.tlog
c:\users\mulder\source\repos\eade\eade\x64\debug\eade.tlog\link.12092-rc.write.1.tlog
c:\users\mulder\source\repos\eade\eade\x64\debug\eade.tlog\link.12092.delete.1.tlog
c:\users\mulder\source\repos\eade\eade\x64\debug\eade.tlog\link.12092.read.1.tlog
c:\users\mulder\source\repos\eade\eade\x64\debug\eade.tlog\link.12092.write.1.tlog
c:\users\mulder\source\repos\eade\eade\x64\debug\eade.tlog\link.command.1.tlog
c:\users\mulder\source\repos\eade\eade\x64\debug\eade.tlog\link.read.1.tlog
c:\users\mulder\source\repos\eade\eade\x64\debug\eade.tlog\link.write.1.tlog
